[ 2024-11-09 15:56:04,706 ] comtypes.client._code_cache - INFO - Imported existing <module 'comtypes.gen' from 'C:\\Users\\pradu\\anaconda3\\envs\\jarvis\\lib\\site-packages\\comtypes\\gen\\__init__.py'>
[ 2024-11-09 15:56:04,706 ] comtypes.client._code_cache - INFO - Using writeable comtypes cache directory: 'C:\Users\pradu\anaconda3\envs\jarvis\lib\site-packages\comtypes\gen'
[ 2024-11-09 15:56:15,273 ] root - INFO - 
[ 2024-11-09 16:09:52,836 ] comtypes.client._code_cache - INFO - Imported existing <module 'comtypes.gen' from 'C:\\Users\\pradu\\anaconda3\\envs\\jarvis\\lib\\site-packages\\comtypes\\gen\\__init__.py'>
[ 2024-11-09 16:09:52,836 ] comtypes.client._code_cache - INFO - Using writeable comtypes cache directory: 'C:\Users\pradu\anaconda3\envs\jarvis\lib\site-packages\comtypes\gen'
[ 2024-11-09 16:10:07,268 ] comtypes.client._code_cache - INFO - Imported existing <module 'comtypes.gen' from 'C:\\Users\\pradu\\anaconda3\\envs\\jarvis\\lib\\site-packages\\comtypes\\gen\\__init__.py'>
[ 2024-11-09 16:10:07,268 ] comtypes.client._code_cache - INFO - Using writeable comtypes cache directory: 'C:\Users\pradu\anaconda3\envs\jarvis\lib\site-packages\comtypes\gen'
[ 2024-11-09 16:11:17,883 ] comtypes.client._code_cache - INFO - Imported existing <module 'comtypes.gen' from 'C:\\Users\\pradu\\anaconda3\\envs\\jarvis\\lib\\site-packages\\comtypes\\gen\\__init__.py'>
[ 2024-11-09 16:11:17,883 ] comtypes.client._code_cache - INFO - Using writeable comtypes cache directory: 'C:\Users\pradu\anaconda3\envs\jarvis\lib\site-packages\comtypes\gen'
[ 2024-11-09 16:11:31,348 ] root - INFO - 
[ 2024-11-09 16:31:23,072 ] comtypes.client._code_cache - INFO - Imported existing <module 'comtypes.gen' from 'C:\\Users\\pradu\\anaconda3\\envs\\jarvis\\lib\\site-packages\\comtypes\\gen\\__init__.py'>
[ 2024-11-09 16:31:23,072 ] comtypes.client._code_cache - INFO - Using writeable comtypes cache directory: 'C:\Users\pradu\anaconda3\envs\jarvis\lib\site-packages\comtypes\gen'
[ 2024-11-09 16:31:32,465 ] root - INFO - 
[ 2024-11-09 16:32:55,876 ] comtypes.client._code_cache - INFO - Imported existing <module 'comtypes.gen' from 'C:\\Users\\pradu\\anaconda3\\envs\\jarvis\\lib\\site-packages\\comtypes\\gen\\__init__.py'>
[ 2024-11-09 16:32:55,876 ] comtypes.client._code_cache - INFO - Using writeable comtypes cache directory: 'C:\Users\pradu\anaconda3\envs\jarvis\lib\site-packages\comtypes\gen'
[ 2024-11-09 16:33:05,584 ] root - INFO - 
[ 2024-11-09 16:34:23,261 ] comtypes.client._code_cache - INFO - Imported existing <module 'comtypes.gen' from 'C:\\Users\\pradu\\anaconda3\\envs\\jarvis\\lib\\site-packages\\comtypes\\gen\\__init__.py'>
[ 2024-11-09 16:34:23,261 ] comtypes.client._code_cache - INFO - Using writeable comtypes cache directory: 'C:\Users\pradu\anaconda3\envs\jarvis\lib\site-packages\comtypes\gen'
[ 2024-11-09 16:34:35,379 ] root - INFO - 
[ 2024-11-09 16:36:11,931 ] comtypes.client._code_cache - INFO - Imported existing <module 'comtypes.gen' from 'C:\\Users\\pradu\\anaconda3\\envs\\jarvis\\lib\\site-packages\\comtypes\\gen\\__init__.py'>
[ 2024-11-09 16:36:11,931 ] comtypes.client._code_cache - INFO - Using writeable comtypes cache directory: 'C:\Users\pradu\anaconda3\envs\jarvis\lib\site-packages\comtypes\gen'
[ 2024-11-09 16:36:25,570 ] root - INFO - 
[ 2024-11-09 17:07:17,280 ] comtypes.client._code_cache - INFO - Imported existing <module 'comtypes.gen' from 'C:\\Users\\pradu\\anaconda3\\envs\\jarvis\\lib\\site-packages\\comtypes\\gen\\__init__.py'>
[ 2024-11-09 17:07:17,296 ] comtypes.client._code_cache - INFO - Using writeable comtypes cache directory: 'C:\Users\pradu\anaconda3\envs\jarvis\lib\site-packages\comtypes\gen'
[ 2024-11-09 17:07:24,423 ] werkzeug - INFO - [31m[1mWARNING: This is a development server. Do not use it in a production deployment. Use a production WSGI server instead.[0m
 * Running on http://127.0.0.1:5000
[ 2024-11-09 17:07:24,423 ] werkzeug - INFO - [33mPress CTRL+C to quit[0m
[ 2024-11-09 17:07:24,424 ] werkzeug - INFO -  * Restarting with stat
[ 2024-11-09 17:07:25,261 ] comtypes.client._code_cache - INFO - Imported existing <module 'comtypes.gen' from 'C:\\Users\\pradu\\anaconda3\\envs\\jarvis\\lib\\site-packages\\comtypes\\gen\\__init__.py'>
[ 2024-11-09 17:07:25,262 ] comtypes.client._code_cache - INFO - Using writeable comtypes cache directory: 'C:\Users\pradu\anaconda3\envs\jarvis\lib\site-packages\comtypes\gen'
[ 2024-11-09 17:07:32,037 ] werkzeug - WARNING -  * Debugger is active!
[ 2024-11-09 17:07:32,037 ] werkzeug - INFO -  * Debugger PIN: 880-892-244
[ 2024-11-09 17:08:29,334 ] comtypes.client._code_cache - INFO - Imported existing <module 'comtypes.gen' from 'C:\\Users\\pradu\\anaconda3\\envs\\jarvis\\lib\\site-packages\\comtypes\\gen\\__init__.py'>
[ 2024-11-09 17:08:29,334 ] comtypes.client._code_cache - INFO - Using writeable comtypes cache directory: 'C:\Users\pradu\anaconda3\envs\jarvis\lib\site-packages\comtypes\gen'
[ 2024-11-09 17:08:36,120 ] werkzeug - INFO - [31m[1mWARNING: This is a development server. Do not use it in a production deployment. Use a production WSGI server instead.[0m
 * Running on http://127.0.0.1:5000
[ 2024-11-09 17:08:36,120 ] werkzeug - INFO - [33mPress CTRL+C to quit[0m
[ 2024-11-09 17:08:36,122 ] werkzeug - INFO -  * Restarting with stat
[ 2024-11-09 17:08:37,043 ] comtypes.client._code_cache - INFO - Imported existing <module 'comtypes.gen' from 'C:\\Users\\pradu\\anaconda3\\envs\\jarvis\\lib\\site-packages\\comtypes\\gen\\__init__.py'>
[ 2024-11-09 17:08:37,043 ] comtypes.client._code_cache - INFO - Using writeable comtypes cache directory: 'C:\Users\pradu\anaconda3\envs\jarvis\lib\site-packages\comtypes\gen'
[ 2024-11-09 17:08:43,791 ] werkzeug - WARNING -  * Debugger is active!
[ 2024-11-09 17:08:43,791 ] werkzeug - INFO -  * Debugger PIN: 880-892-244
[ 2024-11-09 17:08:43,817 ] werkzeug - INFO - 127.0.0.1 - - [09/Nov/2024 17:08:43] "[35m[1mGET / HTTP/1.1[0m" 500 -
[ 2024-11-09 17:08:43,840 ] werkzeug - INFO - 127.0.0.1 - - [09/Nov/2024 17:08:43] "GET /?__debugger__=yes&cmd=resource&f=style.css HTTP/1.1" 200 -
[ 2024-11-09 17:08:43,862 ] werkzeug - INFO - 127.0.0.1 - - [09/Nov/2024 17:08:43] "GET /?__debugger__=yes&cmd=resource&f=debugger.js HTTP/1.1" 200 -
[ 2024-11-09 17:08:43,926 ] werkzeug - INFO - 127.0.0.1 - - [09/Nov/2024 17:08:43] "GET /?__debugger__=yes&cmd=resource&f=console.png&s=KJ5mt9agxwdQk10dXC7u HTTP/1.1" 200 -
[ 2024-11-09 17:08:43,928 ] werkzeug - INFO - 127.0.0.1 - - [09/Nov/2024 17:08:43] "GET /?__debugger__=yes&cmd=resource&f=console.png HTTP/1.1" 200 -
[ 2024-11-09 17:14:23,646 ] comtypes.client._code_cache - INFO - Imported existing <module 'comtypes.gen' from 'C:\\Users\\pradu\\anaconda3\\envs\\jarvis\\lib\\site-packages\\comtypes\\gen\\__init__.py'>
[ 2024-11-09 17:14:23,646 ] comtypes.client._code_cache - INFO - Using writeable comtypes cache directory: 'C:\Users\pradu\anaconda3\envs\jarvis\lib\site-packages\comtypes\gen'
[ 2024-11-09 17:14:32,187 ] werkzeug - INFO - [31m[1mWARNING: This is a development server. Do not use it in a production deployment. Use a production WSGI server instead.[0m
 * Running on http://127.0.0.1:5000
[ 2024-11-09 17:14:32,187 ] werkzeug - INFO - [33mPress CTRL+C to quit[0m
[ 2024-11-09 17:14:32,187 ] werkzeug - INFO -  * Restarting with stat
[ 2024-11-09 17:14:33,682 ] comtypes.client._code_cache - INFO - Imported existing <module 'comtypes.gen' from 'C:\\Users\\pradu\\anaconda3\\envs\\jarvis\\lib\\site-packages\\comtypes\\gen\\__init__.py'>
[ 2024-11-09 17:14:33,682 ] comtypes.client._code_cache - INFO - Using writeable comtypes cache directory: 'C:\Users\pradu\anaconda3\envs\jarvis\lib\site-packages\comtypes\gen'
[ 2024-11-09 17:14:40,502 ] werkzeug - WARNING -  * Debugger is active!
[ 2024-11-09 17:14:40,507 ] werkzeug - INFO -  * Debugger PIN: 880-892-244
[ 2024-11-09 17:14:48,212 ] werkzeug - INFO - 127.0.0.1 - - [09/Nov/2024 17:14:48] "[35m[1mGET / HTTP/1.1[0m" 500 -
[ 2024-11-09 17:14:48,280 ] werkzeug - INFO - 127.0.0.1 - - [09/Nov/2024 17:14:48] "GET /?__debugger__=yes&cmd=resource&f=style.css HTTP/1.1" 200 -
[ 2024-11-09 17:14:48,288 ] werkzeug - INFO - 127.0.0.1 - - [09/Nov/2024 17:14:48] "GET /?__debugger__=yes&cmd=resource&f=debugger.js HTTP/1.1" 200 -
[ 2024-11-09 17:14:48,299 ] werkzeug - INFO - 127.0.0.1 - - [09/Nov/2024 17:14:48] "GET /?__debugger__=yes&cmd=resource&f=console.png&s=y9Td6Yjc0dBkM4KAKlwP HTTP/1.1" 200 -
[ 2024-11-09 17:14:48,339 ] werkzeug - INFO - 127.0.0.1 - - [09/Nov/2024 17:14:48] "GET /?__debugger__=yes&cmd=resource&f=console.png HTTP/1.1" 200 -
[ 2024-11-09 17:15:23,971 ] werkzeug - INFO -  * Detected change in 'C:\\Users\\pradu\\OneDrive\\Desktop\\Jarvis System\\app.py', reloading
[ 2024-11-09 17:15:24,073 ] werkzeug - INFO -  * Restarting with stat
[ 2024-11-09 17:15:34,050 ] comtypes.client._code_cache - INFO - Imported existing <module 'comtypes.gen' from 'C:\\Users\\pradu\\anaconda3\\envs\\jarvis\\lib\\site-packages\\comtypes\\gen\\__init__.py'>
[ 2024-11-09 17:15:34,050 ] comtypes.client._code_cache - INFO - Using writeable comtypes cache directory: 'C:\Users\pradu\anaconda3\envs\jarvis\lib\site-packages\comtypes\gen'
[ 2024-11-09 17:15:41,254 ] werkzeug - INFO - [31m[1mWARNING: This is a development server. Do not use it in a production deployment. Use a production WSGI server instead.[0m
 * Running on http://127.0.0.1:5000
[ 2024-11-09 17:15:41,254 ] werkzeug - INFO - [33mPress CTRL+C to quit[0m
[ 2024-11-09 17:15:41,254 ] werkzeug - INFO -  * Restarting with stat
[ 2024-11-09 17:15:42,156 ] comtypes.client._code_cache - INFO - Imported existing <module 'comtypes.gen' from 'C:\\Users\\pradu\\anaconda3\\envs\\jarvis\\lib\\site-packages\\comtypes\\gen\\__init__.py'>
[ 2024-11-09 17:15:42,156 ] comtypes.client._code_cache - INFO - Using writeable comtypes cache directory: 'C:\Users\pradu\anaconda3\envs\jarvis\lib\site-packages\comtypes\gen'
[ 2024-11-09 17:15:48,673 ] werkzeug - WARNING -  * Debugger is active!
[ 2024-11-09 17:15:48,680 ] werkzeug - INFO -  * Debugger PIN: 880-892-244
[ 2024-11-09 17:15:57,915 ] werkzeug - INFO - 127.0.0.1 - - [09/Nov/2024 17:15:57] "[35m[1mGET / HTTP/1.1[0m" 500 -
[ 2024-11-09 17:15:57,934 ] werkzeug - INFO - 127.0.0.1 - - [09/Nov/2024 17:15:57] "[36mGET /?__debugger__=yes&cmd=resource&f=style.css HTTP/1.1[0m" 304 -
[ 2024-11-09 17:15:57,937 ] werkzeug - INFO - 127.0.0.1 - - [09/Nov/2024 17:15:57] "[36mGET /?__debugger__=yes&cmd=resource&f=debugger.js HTTP/1.1[0m" 304 -
[ 2024-11-09 17:15:57,951 ] werkzeug - INFO - 127.0.0.1 - - [09/Nov/2024 17:15:57] "GET /?__debugger__=yes&cmd=resource&f=console.png&s=nmrhizMlPB55bQCKHsnS HTTP/1.1" 200 -
[ 2024-11-09 17:15:57,955 ] werkzeug - INFO - 127.0.0.1 - - [09/Nov/2024 17:15:57] "[36mGET /?__debugger__=yes&cmd=resource&f=console.png HTTP/1.1[0m" 304 -
[ 2024-11-09 17:17:19,566 ] werkzeug - INFO -  * Detected change in 'C:\\Users\\pradu\\OneDrive\\Desktop\\Jarvis System\\main.py', reloading
[ 2024-11-09 17:17:19,728 ] werkzeug - INFO -  * Restarting with stat
[ 2024-11-09 17:17:34,445 ] comtypes.client._code_cache - INFO - Imported existing <module 'comtypes.gen' from 'C:\\Users\\pradu\\anaconda3\\envs\\jarvis\\lib\\site-packages\\comtypes\\gen\\__init__.py'>
[ 2024-11-09 17:17:34,445 ] comtypes.client._code_cache - INFO - Using writeable comtypes cache directory: 'C:\Users\pradu\anaconda3\envs\jarvis\lib\site-packages\comtypes\gen'
[ 2024-11-09 17:17:45,594 ] root - INFO - 
[ 2024-11-09 17:17:51,471 ] root - INFO - 
[ 2024-11-09 17:17:58,906 ] comtypes.client._code_cache - INFO - Imported existing <module 'comtypes.gen' from 'C:\\Users\\pradu\\anaconda3\\envs\\jarvis\\lib\\site-packages\\comtypes\\gen\\__init__.py'>
[ 2024-11-09 17:17:58,906 ] comtypes.client._code_cache - INFO - Using writeable comtypes cache directory: 'C:\Users\pradu\anaconda3\envs\jarvis\lib\site-packages\comtypes\gen'
[ 2024-11-10 10:28:48,497 ] comtypes.client._code_cache - INFO - Imported existing <module 'comtypes.gen' from 'C:\\Users\\pradu\\anaconda3\\envs\\jarvis\\lib\\site-packages\\comtypes\\gen\\__init__.py'>
[ 2024-11-10 10:28:48,497 ] comtypes.client._code_cache - INFO - Using writeable comtypes cache directory: 'C:\Users\pradu\anaconda3\envs\jarvis\lib\site-packages\comtypes\gen'
[ 2024-11-10 10:29:03,679 ] root - INFO - 
[ 2024-11-10 10:29:08,530 ] root - INFO - 
[ 2024-11-10 10:29:13,368 ] root - INFO - 
[ 2024-11-10 10:29:19,550 ] root - INFO - 
[ 2024-11-10 10:29:24,867 ] root - INFO - 
[ 2024-11-10 10:29:55,556 ] comtypes.client._code_cache - INFO - Imported existing <module 'comtypes.gen' from 'C:\\Users\\pradu\\anaconda3\\envs\\jarvis\\lib\\site-packages\\comtypes\\gen\\__init__.py'>
[ 2024-11-10 10:29:55,556 ] comtypes.client._code_cache - INFO - Using writeable comtypes cache directory: 'C:\Users\pradu\anaconda3\envs\jarvis\lib\site-packages\comtypes\gen'
[ 2024-11-10 10:30:05,201 ] root - INFO - 
[ 2024-11-10 10:30:10,319 ] root - INFO - 
[ 2024-11-10 10:30:27,993 ] root - INFO - 
[ 2024-11-10 10:32:03,366 ] comtypes.client._code_cache - INFO - Imported existing <module 'comtypes.gen' from 'C:\\Users\\pradu\\anaconda3\\envs\\jarvis\\lib\\site-packages\\comtypes\\gen\\__init__.py'>
[ 2024-11-10 10:32:03,366 ] comtypes.client._code_cache - INFO - Using writeable comtypes cache directory: 'C:\Users\pradu\anaconda3\envs\jarvis\lib\site-packages\comtypes\gen'
[ 2024-11-10 10:32:14,630 ] root - INFO - 
[ 2024-11-10 10:32:25,320 ] root - INFO - 
[ 2024-11-10 10:32:41,016 ] root - INFO - 
[ 2024-11-10 10:33:33,401 ] comtypes.client._code_cache - INFO - Imported existing <module 'comtypes.gen' from 'C:\\Users\\pradu\\anaconda3\\envs\\jarvis\\lib\\site-packages\\comtypes\\gen\\__init__.py'>
[ 2024-11-10 10:33:33,401 ] comtypes.client._code_cache - INFO - Using writeable comtypes cache directory: 'C:\Users\pradu\anaconda3\envs\jarvis\lib\site-packages\comtypes\gen'
[ 2024-11-10 10:33:47,244 ] root - INFO - 
[ 2024-11-10 10:33:54,268 ] root - INFO - 
[ 2024-11-10 11:07:01,897 ] comtypes.client._code_cache - INFO - Imported existing <module 'comtypes.gen' from 'C:\\Users\\pradu\\anaconda3\\envs\\jarvis\\lib\\site-packages\\comtypes\\gen\\__init__.py'>
[ 2024-11-10 11:07:01,897 ] comtypes.client._code_cache - INFO - Using writeable comtypes cache directory: 'C:\Users\pradu\anaconda3\envs\jarvis\lib\site-packages\comtypes\gen'
[ 2024-11-10 11:07:12,304 ] root - INFO - 
[ 2024-11-10 11:07:17,348 ] root - INFO - 
[ 2024-11-10 11:07:24,897 ] root - INFO - 
[ 2024-11-10 11:07:38,673 ] root - INFO - 
[ 2024-11-10 11:11:39,380 ] comtypes.client._code_cache - INFO - Imported existing <module 'comtypes.gen' from 'C:\\Users\\pradu\\anaconda3\\envs\\jarvis\\lib\\site-packages\\comtypes\\gen\\__init__.py'>
[ 2024-11-10 11:11:39,380 ] comtypes.client._code_cache - INFO - Using writeable comtypes cache directory: 'C:\Users\pradu\anaconda3\envs\jarvis\lib\site-packages\comtypes\gen'
[ 2024-11-10 11:11:49,757 ] root - INFO - 
[ 2024-11-10 11:11:54,678 ] root - INFO - 
[ 2024-11-10 11:13:20,773 ] comtypes.client._code_cache - INFO - Imported existing <module 'comtypes.gen' from 'C:\\Users\\pradu\\anaconda3\\envs\\jarvis\\lib\\site-packages\\comtypes\\gen\\__init__.py'>
[ 2024-11-10 11:13:20,773 ] comtypes.client._code_cache - INFO - Using writeable comtypes cache directory: 'C:\Users\pradu\anaconda3\envs\jarvis\lib\site-packages\comtypes\gen'
[ 2024-11-10 11:13:31,533 ] root - INFO - 
[ 2024-11-10 11:13:39,884 ] root - INFO - 
[ 2024-11-10 11:13:50,622 ] root - INFO - 
[ 2024-11-10 11:13:55,544 ] root - INFO - 
[ 2024-11-10 11:14:49,434 ] comtypes.client._code_cache - INFO - Imported existing <module 'comtypes.gen' from 'C:\\Users\\pradu\\anaconda3\\envs\\jarvis\\lib\\site-packages\\comtypes\\gen\\__init__.py'>
[ 2024-11-10 11:14:49,434 ] comtypes.client._code_cache - INFO - Using writeable comtypes cache directory: 'C:\Users\pradu\anaconda3\envs\jarvis\lib\site-packages\comtypes\gen'
[ 2024-11-10 11:16:11,063 ] comtypes.client._code_cache - INFO - Imported existing <module 'comtypes.gen' from 'C:\\Users\\pradu\\anaconda3\\envs\\jarvis\\lib\\site-packages\\comtypes\\gen\\__init__.py'>
[ 2024-11-10 11:16:11,063 ] comtypes.client._code_cache - INFO - Using writeable comtypes cache directory: 'C:\Users\pradu\anaconda3\envs\jarvis\lib\site-packages\comtypes\gen'
[ 2024-11-10 11:17:46,694 ] comtypes.client._code_cache - INFO - Imported existing <module 'comtypes.gen' from 'C:\\Users\\pradu\\anaconda3\\envs\\jarvis\\lib\\site-packages\\comtypes\\gen\\__init__.py'>
[ 2024-11-10 11:17:46,694 ] comtypes.client._code_cache - INFO - Using writeable comtypes cache directory: 'C:\Users\pradu\anaconda3\envs\jarvis\lib\site-packages\comtypes\gen'
[ 2024-11-10 11:17:57,805 ] root - INFO - 
[ 2024-11-10 11:18:02,408 ] root - INFO - 
[ 2024-11-10 11:19:52,203 ] comtypes.client._code_cache - INFO - Imported existing <module 'comtypes.gen' from 'C:\\Users\\pradu\\anaconda3\\envs\\jarvis\\lib\\site-packages\\comtypes\\gen\\__init__.py'>
[ 2024-11-10 11:19:52,203 ] comtypes.client._code_cache - INFO - Using writeable comtypes cache directory: 'C:\Users\pradu\anaconda3\envs\jarvis\lib\site-packages\comtypes\gen'
[ 2024-11-10 11:20:20,715 ] root - INFO - 
[ 2024-11-10 11:20:52,719 ] comtypes.client._code_cache - INFO - Imported existing <module 'comtypes.gen' from 'C:\\Users\\pradu\\anaconda3\\envs\\jarvis\\lib\\site-packages\\comtypes\\gen\\__init__.py'>
[ 2024-11-10 11:20:52,719 ] comtypes.client._code_cache - INFO - Using writeable comtypes cache directory: 'C:\Users\pradu\anaconda3\envs\jarvis\lib\site-packages\comtypes\gen'
[ 2024-11-10 11:21:12,970 ] root - INFO - 
[ 2024-11-10 11:21:18,296 ] root - INFO - 
[ 2024-11-10 11:21:23,724 ] root - INFO - 
[ 2024-11-10 11:22:53,843 ] comtypes.client._code_cache - INFO - Imported existing <module 'comtypes.gen' from 'C:\\Users\\pradu\\anaconda3\\envs\\jarvis\\lib\\site-packages\\comtypes\\gen\\__init__.py'>
[ 2024-11-10 11:22:53,843 ] comtypes.client._code_cache - INFO - Using writeable comtypes cache directory: 'C:\Users\pradu\anaconda3\envs\jarvis\lib\site-packages\comtypes\gen'
[ 2024-11-10 11:23:50,688 ] comtypes.client._code_cache - INFO - Imported existing <module 'comtypes.gen' from 'C:\\Users\\pradu\\anaconda3\\envs\\jarvis\\lib\\site-packages\\comtypes\\gen\\__init__.py'>
[ 2024-11-10 11:23:50,688 ] comtypes.client._code_cache - INFO - Using writeable comtypes cache directory: 'C:\Users\pradu\anaconda3\envs\jarvis\lib\site-packages\comtypes\gen'
[ 2024-11-10 11:24:50,244 ] comtypes.client._code_cache - INFO - Imported existing <module 'comtypes.gen' from 'C:\\Users\\pradu\\anaconda3\\envs\\jarvis\\lib\\site-packages\\comtypes\\gen\\__init__.py'>
[ 2024-11-10 11:24:50,244 ] comtypes.client._code_cache - INFO - Using writeable comtypes cache directory: 'C:\Users\pradu\anaconda3\envs\jarvis\lib\site-packages\comtypes\gen'
[ 2024-11-10 11:25:06,226 ] root - INFO - 
[ 2024-11-10 11:25:16,074 ] root - INFO - 
[ 2024-11-10 11:25:26,451 ] root - INFO - 
[ 2024-11-10 11:25:54,395 ] root - INFO - 
[ 2024-11-10 11:26:16,518 ] comtypes.client._code_cache - INFO - Imported existing <module 'comtypes.gen' from 'C:\\Users\\pradu\\anaconda3\\envs\\jarvis\\lib\\site-packages\\comtypes\\gen\\__init__.py'>
[ 2024-11-10 11:26:16,518 ] comtypes.client._code_cache - INFO - Using writeable comtypes cache directory: 'C:\Users\pradu\anaconda3\envs\jarvis\lib\site-packages\comtypes\gen'
[ 2024-11-10 11:27:24,054 ] comtypes.client._code_cache - INFO - Imported existing <module 'comtypes.gen' from 'C:\\Users\\pradu\\anaconda3\\envs\\jarvis\\lib\\site-packages\\comtypes\\gen\\__init__.py'>
[ 2024-11-10 11:27:24,054 ] comtypes.client._code_cache - INFO - Using writeable comtypes cache directory: 'C:\Users\pradu\anaconda3\envs\jarvis\lib\site-packages\comtypes\gen'
[ 2024-11-10 11:27:42,399 ] root - INFO - 
[ 2024-11-10 11:29:02,122 ] comtypes.client._code_cache - INFO - Imported existing <module 'comtypes.gen' from 'C:\\Users\\pradu\\anaconda3\\envs\\jarvis\\lib\\site-packages\\comtypes\\gen\\__init__.py'>
[ 2024-11-10 11:29:02,122 ] comtypes.client._code_cache - INFO - Using writeable comtypes cache directory: 'C:\Users\pradu\anaconda3\envs\jarvis\lib\site-packages\comtypes\gen'
[ 2024-11-10 11:29:21,629 ] root - INFO - 
[ 2024-11-10 11:29:35,240 ] root - INFO - 
[ 2024-11-10 11:29:41,599 ] root - INFO - 
[ 2024-11-10 11:29:48,645 ] root - INFO - 
[ 2024-11-10 11:29:58,055 ] root - INFO - 
[ 2024-11-10 11:30:09,076 ] comtypes.client._code_cache - INFO - Imported existing <module 'comtypes.gen' from 'C:\\Users\\pradu\\anaconda3\\envs\\jarvis\\lib\\site-packages\\comtypes\\gen\\__init__.py'>
[ 2024-11-10 11:30:09,076 ] comtypes.client._code_cache - INFO - Using writeable comtypes cache directory: 'C:\Users\pradu\anaconda3\envs\jarvis\lib\site-packages\comtypes\gen'
[ 2024-11-10 11:30:22,984 ] root - INFO - 
[ 2024-11-10 11:30:50,062 ] root - INFO - 
[ 2024-11-10 11:30:58,606 ] root - INFO - 
[ 2024-11-10 11:31:03,879 ] root - INFO - 
[ 2024-11-10 11:31:10,973 ] root - INFO - 
[ 2024-11-10 11:31:18,074 ] root - INFO - 
[ 2024-11-10 11:31:37,736 ] comtypes.client._code_cache - INFO - Imported existing <module 'comtypes.gen' from 'C:\\Users\\pradu\\anaconda3\\envs\\jarvis\\lib\\site-packages\\comtypes\\gen\\__init__.py'>
[ 2024-11-10 11:31:37,736 ] comtypes.client._code_cache - INFO - Using writeable comtypes cache directory: 'C:\Users\pradu\anaconda3\envs\jarvis\lib\site-packages\comtypes\gen'
[ 2024-11-10 11:32:14,467 ] root - INFO - 
[ 2024-11-10 11:32:47,144 ] comtypes.client._code_cache - INFO - Imported existing <module 'comtypes.gen' from 'C:\\Users\\pradu\\anaconda3\\envs\\jarvis\\lib\\site-packages\\comtypes\\gen\\__init__.py'>
[ 2024-11-10 11:32:47,144 ] comtypes.client._code_cache - INFO - Using writeable comtypes cache directory: 'C:\Users\pradu\anaconda3\envs\jarvis\lib\site-packages\comtypes\gen'
[ 2024-11-10 11:33:43,991 ] root - INFO - 
[ 2024-11-10 11:33:56,086 ] root - INFO - 
[ 2024-11-10 11:36:07,436 ] comtypes.client._code_cache - INFO - Imported existing <module 'comtypes.gen' from 'C:\\Users\\pradu\\anaconda3\\envs\\jarvis\\lib\\site-packages\\comtypes\\gen\\__init__.py'>
[ 2024-11-10 11:36:07,436 ] comtypes.client._code_cache - INFO - Using writeable comtypes cache directory: 'C:\Users\pradu\anaconda3\envs\jarvis\lib\site-packages\comtypes\gen'
[ 2024-11-10 11:36:43,162 ] root - INFO - 
[ 2024-11-10 11:36:46,738 ] root - INFO - 
[ 2024-11-10 11:36:59,685 ] root - INFO - 
